Started GET "/" for 172.20.0.1 at 2017-08-31 16:10:04 +0000
Processing by Rails::WelcomeController#index as HTML
Completed 500 Internal Server Error in 410ms


  
RuntimeError (YAML syntax error occurred while parsing /Falko-2017.2/config/database.yml. Please note that YAML must be consistently indented using spaces. Tabs are not allowed. Error: (<unknown>): did not find expected key while parsing a block mapping at line 17 column 1):
  
railties (5.1.3) lib/rails/application/configuration.rb:144:in `rescue in database_configuration'
railties (5.1.3) lib/rails/application/configuration.rb:127:in `database_configuration'
activerecord (5.1.3) lib/active_record/railtie.rb:121:in `block (2 levels) in <class:Railtie>'
activesupport (5.1.3) lib/active_support/lazy_load_hooks.rb:45:in `instance_eval'
activesupport (5.1.3) lib/active_support/lazy_load_hooks.rb:45:in `execute_hook'
activesupport (5.1.3) lib/active_support/lazy_load_hooks.rb:52:in `block in run_load_hooks'
activesupport (5.1.3) lib/active_support/lazy_load_hooks.rb:51:in `each'
activesupport (5.1.3) lib/active_support/lazy_load_hooks.rb:51:in `run_load_hooks'
activerecord (5.1.3) lib/active_record/base.rb:326:in `<module:ActiveRecord>'
activerecord (5.1.3) lib/active_record/base.rb:25:in `<top (required)>'
activesupport (5.1.3) lib/active_support/dependencies.rb:292:in `require'
activesupport (5.1.3) lib/active_support/dependencies.rb:292:in `block in require'
activesupport (5.1.3) lib/active_support/dependencies.rb:258:in `load_dependency'
activesupport (5.1.3) lib/active_support/dependencies.rb:292:in `require'
activerecord (5.1.3) lib/active_record/railties/controller_runtime.rb:26:in `cleanup_view_runtime'
actionpack (5.1.3) lib/action_controller/metal/instrumentation.rb:43:in `render'
actionpack (5.1.3) lib/action_controller/metal/implicit_render.rb:33:in `default_render'
actionpack (5.1.3) lib/action_controller/metal/basic_implicit_render.rb:4:in `block in send_action'
actionpack (5.1.3) lib/action_controller/metal/basic_implicit_render.rb:4:in `tap'
actionpack (5.1.3) lib/action_controller/metal/basic_implicit_render.rb:4:in `send_action'
actionpack (5.1.3) lib/abstract_controller/base.rb:186:in `process_action'
actionpack (5.1.3) lib/action_controller/metal/rendering.rb:30:in `process_action'
actionpack (5.1.3) lib/abstract_controller/callbacks.rb:20:in `block in process_action'
activesupport (5.1.3) lib/active_support/callbacks.rb:97:in `run_callbacks'
actionpack (5.1.3) lib/abstract_controller/callbacks.rb:19:in `process_action'
actionpack (5.1.3) lib/action_controller/metal/rescue.rb:20:in `process_action'
actionpack (5.1.3) lib/action_controller/metal/instrumentation.rb:32:in `block in process_action'
activesupport (5.1.3) lib/active_support/notifications.rb:166:in `block in instrument'
activesupport (5.1.3) lib/active_support/notifications/instrumenter.rb:21:in `instrument'
activesupport (5.1.3) lib/active_support/notifications.rb:166:in `instrument'
actionpack (5.1.3) lib/action_controller/metal/instrumentation.rb:30:in `process_action'
actionpack (5.1.3) lib/action_controller/metal/params_wrapper.rb:252:in `process_action'
activerecord (5.1.3) lib/active_record/railties/controller_runtime.rb:22:in `process_action'
actionpack (5.1.3) lib/abstract_controller/base.rb:124:in `process'
actionview (5.1.3) lib/action_view/rendering.rb:30:in `process'
actionpack (5.1.3) lib/action_controller/metal.rb:189:in `dispatch'
actionpack (5.1.3) lib/action_controller/metal.rb:253:in `dispatch'
actionpack (5.1.3) lib/action_dispatch/routing/route_set.rb:49:in `dispatch'
actionpack (5.1.3) lib/action_dispatch/routing/route_set.rb:31:in `serve'
actionpack (5.1.3) lib/action_dispatch/journey/router.rb:46:in `block in serve'
actionpack (5.1.3) lib/action_dispatch/journey/router.rb:33:in `each'
actionpack (5.1.3) lib/action_dispatch/journey/router.rb:33:in `serve'
actionpack (5.1.3) lib/action_dispatch/routing/route_set.rb:834:in `call'
rack (2.0.3) lib/rack/etag.rb:25:in `call'
rack (2.0.3) lib/rack/conditional_get.rb:25:in `call'
rack (2.0.3) lib/rack/head.rb:12:in `call'
activerecord (5.1.3) lib/active_record/migration.rb:556:in `call'
actionpack (5.1.3) lib/action_dispatch/middleware/callbacks.rb:26:in `block in call'
activesupport (5.1.3) lib/active_support/callbacks.rb:97:in `run_callbacks'
actionpack (5.1.3) lib/action_dispatch/middleware/callbacks.rb:24:in `call'
actionpack (5.1.3) lib/action_dispatch/middleware/executor.rb:12:in `call'
actionpack (5.1.3) lib/action_dispatch/middleware/debug_exceptions.rb:59:in `call'
actionpack (5.1.3) lib/action_dispatch/middleware/show_exceptions.rb:31:in `call'
railties (5.1.3) lib/rails/rack/logger.rb:36:in `call_app'
railties (5.1.3) lib/rails/rack/logger.rb:24:in `block in call'
activesupport (5.1.3) lib/active_support/tagged_logging.rb:69:in `block in tagged'
activesupport (5.1.3) lib/active_support/tagged_logging.rb:26:in `tagged'
activesupport (5.1.3) lib/active_support/tagged_logging.rb:69:in `tagged'
railties (5.1.3) lib/rails/rack/logger.rb:24:in `call'
actionpack (5.1.3) lib/action_dispatch/middleware/remote_ip.rb:79:in `call'
actionpack (5.1.3) lib/action_dispatch/middleware/request_id.rb:25:in `call'
rack (2.0.3) lib/rack/runtime.rb:22:in `call'
activesupport (5.1.3) lib/active_support/cache/strategy/local_cache_middleware.rb:27:in `call'
actionpack (5.1.3) lib/action_dispatch/middleware/executor.rb:12:in `call'
actionpack (5.1.3) lib/action_dispatch/middleware/static.rb:125:in `call'
rack (2.0.3) lib/rack/sendfile.rb:111:in `call'
rack-cors (1.0.1) lib/rack/cors.rb:93:in `call'
railties (5.1.3) lib/rails/engine.rb:522:in `call'
puma (3.10.0) lib/puma/configuration.rb:225:in `call'
puma (3.10.0) lib/puma/server.rb:605:in `handle_request'
puma (3.10.0) lib/puma/server.rb:437:in `process_client'
puma (3.10.0) lib/puma/server.rb:301:in `block in run'
puma (3.10.0) lib/puma/thread_pool.rb:120:in `block in spawn_thread'
Started GET "/" for 172.20.0.1 at 2017-08-31 16:10:17 +0000
Processing by Rails::WelcomeController#index as HTML
  Rendering /usr/local/bundle/gems/railties-5.1.3/lib/rails/templates/rails/welcome/index.html.erb
  Rendered /usr/local/bundle/gems/railties-5.1.3/lib/rails/templates/rails/welcome/index.html.erb (5.4ms)
Completed 200 OK in 11ms (Views: 9.2ms)


Started GET "/" for 172.21.0.1 at 2017-08-31 16:20:27 +0000
Processing by Rails::WelcomeController#index as HTML
Completed 500 Internal Server Error in 273ms


  
RuntimeError (YAML syntax error occurred while parsing /Falko-2017.2/config/database.yml. Please note that YAML must be consistently indented using spaces. Tabs are not allowed. Error: (<unknown>): did not find expected key while parsing a block mapping at line 17 column 1):
  
railties (5.1.3) lib/rails/application/configuration.rb:144:in `rescue in database_configuration'
railties (5.1.3) lib/rails/application/configuration.rb:127:in `database_configuration'
activerecord (5.1.3) lib/active_record/railtie.rb:121:in `block (2 levels) in <class:Railtie>'
activesupport (5.1.3) lib/active_support/lazy_load_hooks.rb:45:in `instance_eval'
activesupport (5.1.3) lib/active_support/lazy_load_hooks.rb:45:in `execute_hook'
activesupport (5.1.3) lib/active_support/lazy_load_hooks.rb:52:in `block in run_load_hooks'
activesupport (5.1.3) lib/active_support/lazy_load_hooks.rb:51:in `each'
activesupport (5.1.3) lib/active_support/lazy_load_hooks.rb:51:in `run_load_hooks'
activerecord (5.1.3) lib/active_record/base.rb:326:in `<module:ActiveRecord>'
activerecord (5.1.3) lib/active_record/base.rb:25:in `<top (required)>'
activesupport (5.1.3) lib/active_support/dependencies.rb:292:in `require'
activesupport (5.1.3) lib/active_support/dependencies.rb:292:in `block in require'
activesupport (5.1.3) lib/active_support/dependencies.rb:258:in `load_dependency'
activesupport (5.1.3) lib/active_support/dependencies.rb:292:in `require'
activerecord (5.1.3) lib/active_record/railties/controller_runtime.rb:26:in `cleanup_view_runtime'
actionpack (5.1.3) lib/action_controller/metal/instrumentation.rb:43:in `render'
actionpack (5.1.3) lib/action_controller/metal/implicit_render.rb:33:in `default_render'
actionpack (5.1.3) lib/action_controller/metal/basic_implicit_render.rb:4:in `block in send_action'
actionpack (5.1.3) lib/action_controller/metal/basic_implicit_render.rb:4:in `tap'
actionpack (5.1.3) lib/action_controller/metal/basic_implicit_render.rb:4:in `send_action'
actionpack (5.1.3) lib/abstract_controller/base.rb:186:in `process_action'
actionpack (5.1.3) lib/action_controller/metal/rendering.rb:30:in `process_action'
actionpack (5.1.3) lib/abstract_controller/callbacks.rb:20:in `block in process_action'
activesupport (5.1.3) lib/active_support/callbacks.rb:97:in `run_callbacks'
actionpack (5.1.3) lib/abstract_controller/callbacks.rb:19:in `process_action'
actionpack (5.1.3) lib/action_controller/metal/rescue.rb:20:in `process_action'
actionpack (5.1.3) lib/action_controller/metal/instrumentation.rb:32:in `block in process_action'
activesupport (5.1.3) lib/active_support/notifications.rb:166:in `block in instrument'
activesupport (5.1.3) lib/active_support/notifications/instrumenter.rb:21:in `instrument'
activesupport (5.1.3) lib/active_support/notifications.rb:166:in `instrument'
actionpack (5.1.3) lib/action_controller/metal/instrumentation.rb:30:in `process_action'
actionpack (5.1.3) lib/action_controller/metal/params_wrapper.rb:252:in `process_action'
activerecord (5.1.3) lib/active_record/railties/controller_runtime.rb:22:in `process_action'
actionpack (5.1.3) lib/abstract_controller/base.rb:124:in `process'
actionview (5.1.3) lib/action_view/rendering.rb:30:in `process'
actionpack (5.1.3) lib/action_controller/metal.rb:189:in `dispatch'
actionpack (5.1.3) lib/action_controller/metal.rb:253:in `dispatch'
actionpack (5.1.3) lib/action_dispatch/routing/route_set.rb:49:in `dispatch'
actionpack (5.1.3) lib/action_dispatch/routing/route_set.rb:31:in `serve'
actionpack (5.1.3) lib/action_dispatch/journey/router.rb:46:in `block in serve'
actionpack (5.1.3) lib/action_dispatch/journey/router.rb:33:in `each'
actionpack (5.1.3) lib/action_dispatch/journey/router.rb:33:in `serve'
actionpack (5.1.3) lib/action_dispatch/routing/route_set.rb:834:in `call'
rack (2.0.3) lib/rack/etag.rb:25:in `call'
rack (2.0.3) lib/rack/conditional_get.rb:25:in `call'
rack (2.0.3) lib/rack/head.rb:12:in `call'
activerecord (5.1.3) lib/active_record/migration.rb:556:in `call'
actionpack (5.1.3) lib/action_dispatch/middleware/callbacks.rb:26:in `block in call'
activesupport (5.1.3) lib/active_support/callbacks.rb:97:in `run_callbacks'
actionpack (5.1.3) lib/action_dispatch/middleware/callbacks.rb:24:in `call'
actionpack (5.1.3) lib/action_dispatch/middleware/executor.rb:12:in `call'
actionpack (5.1.3) lib/action_dispatch/middleware/debug_exceptions.rb:59:in `call'
actionpack (5.1.3) lib/action_dispatch/middleware/show_exceptions.rb:31:in `call'
railties (5.1.3) lib/rails/rack/logger.rb:36:in `call_app'
railties (5.1.3) lib/rails/rack/logger.rb:24:in `block in call'
activesupport (5.1.3) lib/active_support/tagged_logging.rb:69:in `block in tagged'
activesupport (5.1.3) lib/active_support/tagged_logging.rb:26:in `tagged'
activesupport (5.1.3) lib/active_support/tagged_logging.rb:69:in `tagged'
railties (5.1.3) lib/rails/rack/logger.rb:24:in `call'
actionpack (5.1.3) lib/action_dispatch/middleware/remote_ip.rb:79:in `call'
actionpack (5.1.3) lib/action_dispatch/middleware/request_id.rb:25:in `call'
rack (2.0.3) lib/rack/runtime.rb:22:in `call'
activesupport (5.1.3) lib/active_support/cache/strategy/local_cache_middleware.rb:27:in `call'
actionpack (5.1.3) lib/action_dispatch/middleware/executor.rb:12:in `call'
actionpack (5.1.3) lib/action_dispatch/middleware/static.rb:125:in `call'
rack (2.0.3) lib/rack/sendfile.rb:111:in `call'
rack-cors (1.0.1) lib/rack/cors.rb:93:in `call'
railties (5.1.3) lib/rails/engine.rb:522:in `call'
puma (3.10.0) lib/puma/configuration.rb:225:in `call'
puma (3.10.0) lib/puma/server.rb:605:in `handle_request'
puma (3.10.0) lib/puma/server.rb:437:in `process_client'
puma (3.10.0) lib/puma/server.rb:301:in `block in run'
puma (3.10.0) lib/puma/thread_pool.rb:120:in `block in spawn_thread'
Started GET "/" for 172.21.0.1 at 2017-08-31 16:21:05 +0000
Processing by Rails::WelcomeController#index as HTML
  Rendering /usr/local/bundle/gems/railties-5.1.3/lib/rails/templates/rails/welcome/index.html.erb
  Rendered /usr/local/bundle/gems/railties-5.1.3/lib/rails/templates/rails/welcome/index.html.erb (5.9ms)
Completed 200 OK in 12ms (Views: 9.7ms)


Started GET "/" for 172.21.0.1 at 2017-09-05 15:08:19 +0000
Processing by Rails::WelcomeController#index as HTML
  Rendering /usr/local/bundle/gems/railties-5.1.3/lib/rails/templates/rails/welcome/index.html.erb
  Rendered /usr/local/bundle/gems/railties-5.1.3/lib/rails/templates/rails/welcome/index.html.erb (7.1ms)
Completed 200 OK in 525ms (Views: 33.5ms)


Started GET "/favicon.ico" for 172.21.0.1 at 2017-09-05 15:08:20 +0000
  
ActionController::RoutingError (No route matches [GET] "/favicon.ico"):
  
actionpack (5.1.3) lib/action_dispatch/middleware/debug_exceptions.rb:63:in `call'
actionpack (5.1.3) lib/action_dispatch/middleware/show_exceptions.rb:31:in `call'
railties (5.1.3) lib/rails/rack/logger.rb:36:in `call_app'
railties (5.1.3) lib/rails/rack/logger.rb:24:in `block in call'
activesupport (5.1.3) lib/active_support/tagged_logging.rb:69:in `block in tagged'
activesupport (5.1.3) lib/active_support/tagged_logging.rb:26:in `tagged'
activesupport (5.1.3) lib/active_support/tagged_logging.rb:69:in `tagged'
railties (5.1.3) lib/rails/rack/logger.rb:24:in `call'
actionpack (5.1.3) lib/action_dispatch/middleware/remote_ip.rb:79:in `call'
actionpack (5.1.3) lib/action_dispatch/middleware/request_id.rb:25:in `call'
rack (2.0.3) lib/rack/runtime.rb:22:in `call'
activesupport (5.1.3) lib/active_support/cache/strategy/local_cache_middleware.rb:27:in `call'
actionpack (5.1.3) lib/action_dispatch/middleware/executor.rb:12:in `call'
actionpack (5.1.3) lib/action_dispatch/middleware/static.rb:125:in `call'
rack (2.0.3) lib/rack/sendfile.rb:111:in `call'
rack-cors (1.0.1) lib/rack/cors.rb:93:in `call'
railties (5.1.3) lib/rails/engine.rb:522:in `call'
puma (3.10.0) lib/puma/configuration.rb:225:in `call'
puma (3.10.0) lib/puma/server.rb:605:in `handle_request'
puma (3.10.0) lib/puma/server.rb:437:in `process_client'
puma (3.10.0) lib/puma/server.rb:301:in `block in run'
puma (3.10.0) lib/puma/thread_pool.rb:120:in `block in spawn_thread'
Started GET "/" for 172.21.0.1 at 2017-09-05 15:08:27 +0000
Processing by Rails::WelcomeController#index as HTML
  Rendering /usr/local/bundle/gems/railties-5.1.3/lib/rails/templates/rails/welcome/index.html.erb
  Rendered /usr/local/bundle/gems/railties-5.1.3/lib/rails/templates/rails/welcome/index.html.erb (5.4ms)
Completed 200 OK in 9ms (Views: 7.6ms)


Started GET "/" for 172.21.0.1 at 2017-09-05 16:59:35 +0000
Processing by Rails::WelcomeController#index as HTML
  Rendering /usr/local/bundle/gems/railties-5.1.3/lib/rails/templates/rails/welcome/index.html.erb
  Rendered /usr/local/bundle/gems/railties-5.1.3/lib/rails/templates/rails/welcome/index.html.erb (8.7ms)
Completed 200 OK in 515ms (Views: 41.0ms)


Started GET "/favicon.ico" for 172.21.0.1 at 2017-09-05 16:59:37 +0000
  
ActionController::RoutingError (No route matches [GET] "/favicon.ico"):
  
actionpack (5.1.3) lib/action_dispatch/middleware/debug_exceptions.rb:63:in `call'
actionpack (5.1.3) lib/action_dispatch/middleware/show_exceptions.rb:31:in `call'
railties (5.1.3) lib/rails/rack/logger.rb:36:in `call_app'
railties (5.1.3) lib/rails/rack/logger.rb:24:in `block in call'
activesupport (5.1.3) lib/active_support/tagged_logging.rb:69:in `block in tagged'
activesupport (5.1.3) lib/active_support/tagged_logging.rb:26:in `tagged'
activesupport (5.1.3) lib/active_support/tagged_logging.rb:69:in `tagged'
railties (5.1.3) lib/rails/rack/logger.rb:24:in `call'
actionpack (5.1.3) lib/action_dispatch/middleware/remote_ip.rb:79:in `call'
actionpack (5.1.3) lib/action_dispatch/middleware/request_id.rb:25:in `call'
rack (2.0.3) lib/rack/runtime.rb:22:in `call'
activesupport (5.1.3) lib/active_support/cache/strategy/local_cache_middleware.rb:27:in `call'
actionpack (5.1.3) lib/action_dispatch/middleware/executor.rb:12:in `call'
actionpack (5.1.3) lib/action_dispatch/middleware/static.rb:125:in `call'
rack (2.0.3) lib/rack/sendfile.rb:111:in `call'
rack-cors (1.0.1) lib/rack/cors.rb:93:in `call'
railties (5.1.3) lib/rails/engine.rb:522:in `call'
puma (3.10.0) lib/puma/configuration.rb:225:in `call'
puma (3.10.0) lib/puma/server.rb:605:in `handle_request'
puma (3.10.0) lib/puma/server.rb:437:in `process_client'
puma (3.10.0) lib/puma/server.rb:301:in `block in run'
puma (3.10.0) lib/puma/thread_pool.rb:120:in `block in spawn_thread'
Started GET "/" for 172.21.0.1 at 2017-09-05 17:21:59 +0000
Processing by Rails::WelcomeController#index as HTML
  Rendering /usr/local/bundle/gems/railties-5.1.3/lib/rails/templates/rails/welcome/index.html.erb
  Rendered /usr/local/bundle/gems/railties-5.1.3/lib/rails/templates/rails/welcome/index.html.erb (5.9ms)
Completed 200 OK in 256ms (Views: 13.2ms)


Started GET "/" for 172.21.0.1 at 2017-09-05 17:22:01 +0000
Processing by Rails::WelcomeController#index as HTML
  Rendering /usr/local/bundle/gems/railties-5.1.3/lib/rails/templates/rails/welcome/index.html.erb
  Rendered /usr/local/bundle/gems/railties-5.1.3/lib/rails/templates/rails/welcome/index.html.erb (5.7ms)
Completed 200 OK in 9ms (Views: 7.9ms)


Started GET "/" for 172.21.0.1 at 2017-09-05 17:23:24 +0000
Processing by Rails::WelcomeController#index as HTML
  Rendering /usr/local/bundle/gems/railties-5.1.3/lib/rails/templates/rails/welcome/index.html.erb
  Rendered /usr/local/bundle/gems/railties-5.1.3/lib/rails/templates/rails/welcome/index.html.erb (6.1ms)
Completed 200 OK in 11ms (Views: 8.5ms)


